Arguments: 
  C:\Program Files\nodejs\node.exe C:\Program Files (x86)\Yarn\bin\yarn.js init

PATH: 
  C:\Windows\system32;C:\Windows;C:\Windows\System32\Wbem;C:\Windows\System32\WindowsPowerShell\v1.0\;C:\WINDOWS\system32;C:\WINDOWS;C:\WINDOWS\System32\Wbem;C:\WINDOWS\System32\WindowsPowerShell\v1.0\;C:\WINDOWS\System32\OpenSSH\;C:\Program Files\NVIDIA Corporation\NVIDIA NvDLISR;C:\Program Files (x86)\NVIDIA Corporation\PhysX\Common;G:\Informatique\installer\Git\cmd;G:\Informatique\laragon\bin\php\php-8.3.2-nts-Win32-vs16-x64;C:\Program Files (x86)\Yarn\bin;C:\Program Files\nodejs\;C:\Users\hugod\scoop\shims;C:\Users\hugod\AppData\Local\Microsoft\WindowsApps;C:\Users\hugod\AppData\Local\Programs\Microsoft VS Code\bin;C:\Users\hugod\AppData\Local\GitHubDesktop\bin;C:\Users\hugod\AppData\Local\Yarn\bin;C:\Users\hugod\AppData\Roaming\npm

Yarn version: 
  1.3.2

Node version: 
  20.11.0

Platform: 
  win32 x64

npm manifest: 
  No manifest

yarn manifest: 
  No manifest

Lockfile: 
  No lockfile

Trace: 
  Error: canceled
      at Interface.<anonymous> (C:\Program Files (x86)\Yarn\lib\cli.js:121045:13)
      at Interface.emit (node:events:518:28)
      at [_ttyWrite] [as _ttyWrite] (node:internal/readline/interface:1125:18)
      at ReadStream.onkeypress (node:internal/readline/interface:264:20)
      at ReadStream.emit (node:events:518:28)
      at emitKeys (node:internal/readline/utils:371:14)
      at emitKeys.next (<anonymous>)
      at ReadStream.onData (node:internal/readline/emitKeypressEvents:64:36)
      at ReadStream.emit (node:events:518:28)
      at addChunk (node:internal/streams/readable:559:12)
